Using pre-set license
Built from '2020.3/staging' branch; Version is '2020.3.25f1 (9b9180224418) revision 10195328'; Using compiler version '192528614'; Build Type 'Release'
OS: 'Windows 10  (10.0.19043) 64bit Core' Language: 'fr' Physical Memory: 8077 MB
BatchMode: 1, IsHumanControllingUs: 0, StartBugReporterOnCrash: 0, Is64bit: 1, IsPro: 0

COMMAND LINE ARGUMENTS:
C:\Program Files\Unity\Hub\Editor\2020.3.25f1\Editor\Unity.exe
-adb2
-batchMode
-noUpm
-name
AssetImportWorker2
-projectPath
C:/Users/paulw/Documents/ISEN/M1/Programmation 3D/ProjetFinalCours3D/ProjetFinal
-logFile
Logs/AssetImportWorker2.log
-srvPort
60491
Successfully changed project path to: C:/Users/paulw/Documents/ISEN/M1/Programmation 3D/ProjetFinalCours3D/ProjetFinal
C:/Users/paulw/Documents/ISEN/M1/Programmation 3D/ProjetFinalCours3D/ProjetFinal
Using Asset Import Pipeline V2.
Refreshing native plugins compatible for Editor in 67.42 ms, found 2 plugins.
Preloading 0 native plugins for Editor in 0.00 ms.
Initialize engine version: 2020.3.25f1 (9b9180224418)
[Subsystems] Discovering subsystems at path C:/Program Files/Unity/Hub/Editor/2020.3.25f1/Editor/Data/Resources/UnitySubsystems
[Subsystems] Discovering subsystems at path C:/Users/paulw/Documents/ISEN/M1/Programmation 3D/ProjetFinalCours3D/ProjetFinal/Assets
GfxDevice: creating device client; threaded=0
Direct3D:
    Version:  Direct3D 11.0 [level 11.1]
    Renderer: NVIDIA GeForce GTX 1050 (ID=0x1c8d)
    Vendor:   
    VRAM:     1977 MB
    Driver:   30.0.14.7219
